[  2598.413] _XSERVTransSocketUNIXCreateListener: ...SocketCreateListener() failed
[  2598.413] _XSERVTransMakeAllCOTSServerListeners: server already running
[  2598.413] (--) Log file renamed from "/home/usuario/.local/share/xorg/Xorg.pid-4582.log" to "/home/usuario/.local/share/xorg/Xorg.1.log"
[  2598.413] (WW) Failed to open protocol names file lib/xorg/protocol.txt
[  2598.413] 
X.Org X Server 1.20.11
X Protocol Version 11, Revision 0
[  2598.413] Build Operating System: Linux Archlinux
[  2598.413] Current Operating System: Linux proba 5.11.15-zen1-2-zen #1 ZEN SMP PREEMPT Sat, 17 Apr 2021 00:22:34 +0000 x86_64
[  2598.413] Kernel command line: BOOT_IMAGE=/vmlinuz-linux-zen root=UUID=d136236b-04fa-41ac-81cd-f3d7185eef89 rw loglevel=3 quiet
[  2598.413] Build Date: 13 April 2021  03:12:10PM
[  2598.413]  
[  2598.413] Current version of pixman: 0.40.0
[  2598.413] 	Before reporting problems, check http://wiki.x.org
	to make sure that you have the latest version.
[  2598.413] Markers: (--) probed, (**) from config file, (==) default setting,
	(++) from command line, (!!) notice, (II) informational,
	(WW) warning, (EE) error, (NI) not implemented, (??) unknown.
[  2598.413] (==) Log file: "/home/usuario/.local/share/xorg/Xorg.1.log", Time: Sun Apr 18 23:02:21 2021
[  2598.413] (==) Using config directory: "/etc/X11/xorg.conf.d"
[  2598.413] (==) Using system config directory "/usr/share/X11/xorg.conf.d"
[  2598.413] (==) No Layout section.  Using the first Screen section.
[  2598.413] (==) No screen section available. Using defaults.
[  2598.413] (**) |-->Screen "Default Screen Section" (0)
[  2598.413] (**) |   |-->Monitor "<default monitor>"
[  2598.413] (==) No monitor specified for screen "Default Screen Section".
	Using a default monitor configuration.
[  2598.414] (==) Automatically adding devices
[  2598.414] (==) Automatically enabling devices
[  2598.414] (==) Automatically adding GPU devices
[  2598.414] (==) Automatically binding GPU devices
[  2598.414] (==) Max clients allowed: 256, resource mask: 0x1fffff
[  2598.414] (WW) The directory "/usr/share/fonts/misc" does not exist.
[  2598.414] 	Entry deleted from font path.
[  2598.414] (WW) The directory "/usr/share/fonts/TTF" does not exist.
[  2598.414] 	Entry deleted from font path.
[  2598.414] (WW) The directory "/usr/share/fonts/OTF" does not exist.
[  2598.414] 	Entry deleted from font path.
[  2598.414] (WW) The directory "/usr/share/fonts/Type1" does not exist.
[  2598.414] 	Entry deleted from font path.
[  2598.414] (WW) The directory "/usr/share/fonts/100dpi" does not exist.
[  2598.414] 	Entry deleted from font path.
[  2598.414] (WW) The directory "/usr/share/fonts/75dpi" does not exist.
[  2598.414] 	Entry deleted from font path.
[  2598.414] (==) FontPath set to:
	
[  2598.414] (==) ModulePath set to "/usr/lib/xorg/modules"
[  2598.414] (II) The server relies on udev to provide the list of input devices.
	If no devices become available, reconfigure udev or disable AutoAddDevices.
[  2598.414] (II) Module ABI versions:
[  2598.414] 	X.Org ANSI C Emulation: 0.4
[  2598.414] 	X.Org Video Driver: 24.1
[  2598.414] 	X.Org XInput driver : 24.1
[  2598.414] 	X.Org Server Extension : 10.0
[  2598.414] (++) using VT number 3

[  2598.415] (II) systemd-logind: took control of session /org/freedesktop/login1/session/_37
[  2598.415] (II) xfree86: Adding drm device (/dev/dri/card0)
[  2598.416] (II) systemd-logind: got fd for /dev/dri/card0 226:0 fd 12 paused 0
[  2598.416] (**) OutputClass "nvidia" ModulePath extended to "/usr/lib/nvidia/xorg,/usr/lib/xorg/modules,/usr/lib/xorg/modules"
[  2598.417] (--) PCI:*(1@0:0:0) 10de:1b83:1458:371a rev 161, Mem @ 0xde000000/16777216, 0xc0000000/268435456, 0xd0000000/33554432, I/O @ 0x0000e000/128, BIOS @ 0x????????/131072
[  2598.417] (WW) Open ACPI failed (/var/run/acpid.socket) (No such file or directory)
[  2598.417] (II) LoadModule: "glx"
[  2598.417] (II) Loading /usr/lib/xorg/modules/extensions/libglx.so
[  2598.418] (II) Module glx: vendor="X.Org Foundation"
[  2598.418] 	compiled for 1.20.11, module version = 1.0.0
[  2598.418] 	ABI class: X.Org Server Extension, version 10.0
[  2598.418] (II) Applying OutputClass "nvidia" to /dev/dri/card0
[  2598.418] 	loading driver: nvidia
[  2598.418] (==) Matched nvidia as autoconfigured driver 0
[  2598.418] (==) Matched nouveau as autoconfigured driver 1
[  2598.418] (==) Matched nv as autoconfigured driver 2
[  2598.418] (==) Matched modesetting as autoconfigured driver 3
[  2598.418] (==) Matched fbdev as autoconfigured driver 4
[  2598.418] (==) Matched vesa as autoconfigured driver 5
[  2598.418] (==) Assigned the driver to the xf86ConfigLayout
[  2598.418] (II) LoadModule: "nvidia"
[  2598.418] (II) Loading /usr/lib/xorg/modules/drivers/nvidia_drv.so
[  2598.418] (II) Module nvidia: vendor="NVIDIA Corporation"
[  2598.418] 	compiled for 1.6.99.901, module version = 1.0.0
[  2598.418] 	Module class: X.Org Video Driver
[  2598.418] (II) LoadModule: "nouveau"
[  2598.419] (WW) Warning, couldn't open module nouveau
[  2598.419] (EE) Failed to load module "nouveau" (module does not exist, 0)
[  2598.419] (II) LoadModule: "nv"
[  2598.419] (WW) Warning, couldn't open module nv
[  2598.419] (EE) Failed to load module "nv" (module does not exist, 0)
[  2598.419] (II) LoadModule: "modesetting"
[  2598.419] (II) Loading /usr/lib/xorg/modules/drivers/modesetting_drv.so
[  2598.419] (II) Module modesetting: vendor="X.Org Foundation"
[  2598.419] 	compiled for 1.20.11, module version = 1.20.11
[  2598.419] 	Module class: X.Org Video Driver
[  2598.419] 	ABI class: X.Org Video Driver, version 24.1
[  2598.419] (II) LoadModule: "fbdev"
[  2598.419] (WW) Warning, couldn't open module fbdev
[  2598.419] (EE) Failed to load module "fbdev" (module does not exist, 0)
[  2598.419] (II) LoadModule: "vesa"
[  2598.419] (II) Loading /usr/lib/xorg/modules/drivers/vesa_drv.so
[  2598.420] (II) Module vesa: vendor="X.Org Foundation"
[  2598.420] 	compiled for 1.20.9, module version = 2.5.0
[  2598.420] 	Module class: X.Org Video Driver
[  2598.420] 	ABI class: X.Org Video Driver, version 24.1
[  2598.420] (II) NVIDIA dlloader X Driver  465.24.02  Thu Apr  8 17:55:59 UTC 2021
[  2598.420] (II) NVIDIA Unified Driver for all Supported NVIDIA GPUs
[  2598.420] (II) modesetting: Driver for Modesetting Kernel Drivers: kms
[  2598.420] (II) VESA: driver for VESA chipsets: vesa
[  2598.420] xf86EnableIOPorts: failed to set IOPL for I/O (Operation not permitted)
[  2598.420] (II) systemd-logind: releasing fd for 226:0
[  2598.420] (II) Loading sub module "fb"
[  2598.420] (II) LoadModule: "fb"
[  2598.420] (II) Loading /usr/lib/xorg/modules/libfb.so
[  2598.420] (II) Module fb: vendor="X.Org Foundation"
[  2598.420] 	compiled for 1.20.11, module version = 1.0.0
[  2598.420] 	ABI class: X.Org ANSI C Emulation, version 0.4
[  2598.420] (II) Loading sub module "wfb"
[  2598.420] (II) LoadModule: "wfb"
[  2598.420] (II) Loading /usr/lib/xorg/modules/libwfb.so
[  2598.420] (II) Module wfb: vendor="X.Org Foundation"
[  2598.420] 	compiled for 1.20.11, module version = 1.0.0
[  2598.420] 	ABI class: X.Org ANSI C Emulation, version 0.4
[  2598.420] (II) Loading sub module "ramdac"
[  2598.420] (II) LoadModule: "ramdac"
[  2598.420] (II) Module "ramdac" already built-in
[  2598.421] (WW) Falling back to old probe method for modesetting
[  2598.421] (WW) VGA arbiter: cannot open kernel arbiter, no multi-card support
[  2598.421] (II) NVIDIA(0): Creating default Display subsection in Screen section
	"Default Screen Section" for depth/fbbpp 24/32
[  2598.421] (==) NVIDIA(0): Depth 24, (==) framebuffer bpp 32
[  2598.421] (==) NVIDIA(0): RGB weight 888
[  2598.421] (==) NVIDIA(0): Default visual is TrueColor
[  2598.421] (==) NVIDIA(0): Using gamma correction (1.0, 1.0, 1.0)
[  2598.421] (II) Applying OutputClass "nvidia" options to /dev/dri/card0
[  2598.421] (**) NVIDIA(0): Option "AllowEmptyInitialConfiguration"
[  2598.421] (**) NVIDIA(0): Enabling 2D acceleration
[  2598.421] (II) Loading sub module "glxserver_nvidia"
[  2598.421] (II) LoadModule: "glxserver_nvidia"
[  2598.421] (II) Loading /usr/lib/nvidia/xorg/libglxserver_nvidia.so
[  2598.425] (II) Module glxserver_nvidia: vendor="NVIDIA Corporation"
[  2598.425] 	compiled for 1.6.99.901, module version = 1.0.0
[  2598.425] 	Module class: X.Org Server Extension
[  2598.425] (II) NVIDIA GLX Module  465.24.02  Thu Apr  8 17:53:33 UTC 2021
[  2598.426] (II) NVIDIA: The X server supports PRIME Render Offload.
[  2598.426] (--) NVIDIA(0): Valid display device(s) on GPU-0 at PCI:1:0:0
[  2598.426] (--) NVIDIA(0):     DFP-0
[  2598.426] (--) NVIDIA(0):     DFP-1 (boot)
[  2598.426] (--) NVIDIA(0):     DFP-2
[  2598.427] (--) NVIDIA(0):     DFP-3
[  2598.427] (--) NVIDIA(0):     DFP-4
[  2598.427] (II) NVIDIA(0): NVIDIA GPU NVIDIA GeForce GTX 1060 6GB (GP104-A) at PCI:1:0:0
[  2598.427] (II) NVIDIA(0):     (GPU-0)
[  2598.427] (--) NVIDIA(0): Memory: 6291456 kBytes
[  2598.427] (--) NVIDIA(0): VideoBIOS: 86.04.99.00.06
[  2598.427] (II) NVIDIA(0): Detected PCI Express Link width: 16X
[  2598.427] (--) NVIDIA(GPU-0): DFP-0: disconnected
[  2598.427] (--) NVIDIA(GPU-0): DFP-0: Internal TMDS
[  2598.427] (--) NVIDIA(GPU-0): DFP-0: 330.0 MHz maximum pixel clock
[  2598.427] (--) NVIDIA(GPU-0): 
[  2598.470] (--) NVIDIA(GPU-0): LG Electronics MP59G (DFP-1): connected
[  2598.470] (--) NVIDIA(GPU-0): LG Electronics MP59G (DFP-1): Internal TMDS
[  2598.470] (--) NVIDIA(GPU-0): LG Electronics MP59G (DFP-1): 600.0 MHz maximum pixel clock
[  2598.470] (--) NVIDIA(GPU-0): 
[  2598.470] (--) NVIDIA(GPU-0): DFP-2: disconnected
[  2598.470] (--) NVIDIA(GPU-0): DFP-2: Internal DisplayPort
[  2598.470] (--) NVIDIA(GPU-0): DFP-2: 1440.0 MHz maximum pixel clock
[  2598.470] (--) NVIDIA(GPU-0): 
[  2598.470] (--) NVIDIA(GPU-0): DFP-3: disconnected
[  2598.470] (--) NVIDIA(GPU-0): DFP-3: Internal TMDS
[  2598.470] (--) NVIDIA(GPU-0): DFP-3: 165.0 MHz maximum pixel clock
[  2598.470] (--) NVIDIA(GPU-0): 
[  2598.470] (--) NVIDIA(GPU-0): DFP-4: disconnected
[  2598.470] (--) NVIDIA(GPU-0): DFP-4: Internal TMDS
[  2598.470] (--) NVIDIA(GPU-0): DFP-4: 330.0 MHz maximum pixel clock
[  2598.470] (--) NVIDIA(GPU-0): 
[  2598.474] (==) NVIDIA(0): 
[  2598.474] (==) NVIDIA(0): No modes were requested; the default mode "nvidia-auto-select"
[  2598.474] (==) NVIDIA(0):     will be used as the requested mode.
[  2598.474] (==) NVIDIA(0): 
[  2598.474] (II) NVIDIA(0): Validated MetaModes:
[  2598.474] (II) NVIDIA(0):     "DFP-1:nvidia-auto-select"
[  2598.474] (II) NVIDIA(0): Virtual screen size determined to be 1920 x 1080
[  2598.478] (--) NVIDIA(0): DPI set to (101, 101); computed from "UseEdidDpi" X config
[  2598.478] (--) NVIDIA(0):     option
[  2598.478] (II) UnloadModule: "modesetting"
[  2598.478] (II) Unloading modesetting
[  2598.478] (II) UnloadModule: "vesa"
[  2598.478] (II) Unloading vesa
[  2598.478] (WW) NVIDIA: Failed to bind sideband socket to
[  2598.478] (WW) NVIDIA:     '/var/run/nvidia-xdriver-e85b6109' Permission denied
[  2598.478] (II) NVIDIA: Reserving 24576.00 MB of virtual memory for indirect memory
[  2598.478] (II) NVIDIA:     access.
[  2598.480] (II) NVIDIA(0): ACPI: failed to connect to the ACPI event daemon; the daemon
[  2598.480] (II) NVIDIA(0):     may not be running or the "AcpidSocketPath" X
[  2598.480] (II) NVIDIA(0):     configuration option may not be set correctly.  When the
[  2598.480] (II) NVIDIA(0):     ACPI event daemon is available, the NVIDIA X driver will
[  2598.480] (II) NVIDIA(0):     try to use it to receive ACPI event notifications.  For
[  2598.480] (II) NVIDIA(0):     details, please see the "ConnectToAcpid" and
[  2598.480] (II) NVIDIA(0):     "AcpidSocketPath" X configuration options in Appendix B: X
[  2598.480] (II) NVIDIA(0):     Config Options in the README.
[  2598.493] (II) NVIDIA(0): Setting mode "DFP-1:nvidia-auto-select"
[  2598.524] (==) NVIDIA(0): Disabling shared memory pixmaps
[  2598.524] (==) NVIDIA(0): Backing store enabled
[  2598.524] (==) NVIDIA(0): Silken mouse disabled
[  2598.524] (==) NVIDIA(0): DPMS enabled
[  2598.524] (II) Loading sub module "dri2"
[  2598.524] (II) LoadModule: "dri2"
[  2598.524] (II) Module "dri2" already built-in
[  2598.524] (II) NVIDIA(0): [DRI2] Setup complete
[  2598.524] (II) NVIDIA(0): [DRI2]   VDPAU driver: nvidia
[  2598.524] (II) Initializing extension Generic Event Extension
[  2598.524] (II) Initializing extension SHAPE
[  2598.524] (II) Initializing extension MIT-SHM
[  2598.524] (II) Initializing extension XInputExtension
[  2598.524] (II) Initializing extension XTEST
[  2598.524] (II) Initializing extension BIG-REQUESTS
[  2598.524] (II) Initializing extension SYNC
[  2598.524] (II) Initializing extension XKEYBOARD
[  2598.524] (II) Initializing extension XC-MISC
[  2598.524] (II) Initializing extension SECURITY
[  2598.524] (II) Initializing extension XFIXES
[  2598.524] (II) Initializing extension RENDER
[  2598.524] (II) Initializing extension RANDR
[  2598.524] (II) Initializing extension COMPOSITE
[  2598.524] (II) Initializing extension DAMAGE
[  2598.524] (II) Initializing extension MIT-SCREEN-SAVER
[  2598.524] (II) Initializing extension DOUBLE-BUFFER
[  2598.524] (II) Initializing extension RECORD
[  2598.524] (II) Initializing extension DPMS
[  2598.524] (II) Initializing extension Present
[  2598.524] (II) Initializing extension DRI3
[  2598.524] (II) Initializing extension X-Resource
[  2598.524] (II) Initializing extension XVideo
[  2598.524] (II) Initializing extension XVideo-MotionCompensation
[  2598.524] (II) Initializing extension GLX
[  2598.524] (II) Initializing extension GLX
[  2598.524] (II) Indirect GLX disabled.
[  2598.524] (II) GLX: Another vendor is already registered for screen 0
[  2598.524] (II) Initializing extension XFree86-VidModeExtension
[  2598.524] (II) Initializing extension XFree86-DGA
[  2598.524] (II) Initializing extension XFree86-DRI
[  2598.524] (II) Initializing extension DRI2
[  2598.524] (II) Initializing extension NV-GLX
[  2598.524] (II) Initializing extension NV-CONTROL
[  2598.524] (II) Initializing extension XINERAMA
[  2598.550] (II) config/udev: Adding input device Power Button (/dev/input/event2)
[  2598.550] (**) Power Button: Applying InputClass "libinput keyboard catchall"
[  2598.550] (**) Power Button: Applying InputClass "system-keyboard"
[  2598.550] (II) LoadModule: "libinput"
[  2598.550] (II) Loading /usr/lib/xorg/modules/input/libinput_drv.so
[  2598.551] (II) Module libinput: vendor="X.Org Foundation"
[  2598.551] 	compiled for 1.20.11, module version = 1.0.1
[  2598.551] 	Module class: X.Org XInput Driver
[  2598.551] 	ABI class: X.Org XInput driver, version 24.1
[  2598.551] (II) Using input driver 'libinput' for 'Power Button'
[  2598.551] (II) systemd-logind: got fd for /dev/input/event2 13:66 fd 31 paused 0
[  2598.551] (**) Power Button: always reports core events
[  2598.551] (**) Option "Device" "/dev/input/event2"
[  2598.551] (**) Option "_source" "server/udev"
[  2598.552] (II) event2  - Power Button: is tagged by udev as: Keyboard
[  2598.552] (II) event2  - Power Button: device is a keyboard
[  2598.552] (II) event2  - Power Button: device removed
[  2598.552] (**) Option "config_info" "udev:/sys/devices/LNXSYSTM:00/LNXPWRBN:00/input/input2/event2"
[  2598.552] (II) XINPUT: Adding extended input device "Power Button" (type: KEYBOARD, id 6)
[  2598.552] (**) Option "xkb_layout" "es"
[  2598.562] (II) event2  - Power Button: is tagged by udev as: Keyboard
[  2598.562] (II) event2  - Power Button: device is a keyboard
[  2598.562] (II) config/udev: Adding input device Power Button (/dev/input/event1)
[  2598.562] (**) Power Button: Applying InputClass "libinput keyboard catchall"
[  2598.562] (**) Power Button: Applying InputClass "system-keyboard"
[  2598.562] (II) Using input driver 'libinput' for 'Power Button'
[  2598.563] (II) systemd-logind: got fd for /dev/input/event1 13:65 fd 34 paused 0
[  2598.563] (**) Power Button: always reports core events
[  2598.563] (**) Option "Device" "/dev/input/event1"
[  2598.563] (**) Option "_source" "server/udev"
[  2598.563] (II) event1  - Power Button: is tagged by udev as: Keyboard
[  2598.563] (II) event1  - Power Button: device is a keyboard
[  2598.563] (II) event1  - Power Button: device removed
[  2598.563] (**) Option "config_info" "udev:/sys/devices/LNXSYSTM:00/LNXSYBUS:00/PNP0C0C:00/input/input1/event1"
[  2598.563] (II) XINPUT: Adding extended input device "Power Button" (type: KEYBOARD, id 7)
[  2598.563] (**) Option "xkb_layout" "es"
[  2598.564] (II) event1  - Power Button: is tagged by udev as: Keyboard
[  2598.564] (II) event1  - Power Button: device is a keyboard
[  2598.564] (II) config/udev: Adding input device Sleep Button (/dev/input/event0)
[  2598.564] (**) Sleep Button: Applying InputClass "libinput keyboard catchall"
[  2598.564] (**) Sleep Button: Applying InputClass "system-keyboard"
[  2598.564] (II) Using input driver 'libinput' for 'Sleep Button'
[  2598.565] (II) systemd-logind: got fd for /dev/input/event0 13:64 fd 35 paused 0
[  2598.565] (**) Sleep Button: always reports core events
[  2598.565] (**) Option "Device" "/dev/input/event0"
[  2598.565] (**) Option "_source" "server/udev"
[  2598.565] (II) event0  - Sleep Button: is tagged by udev as: Keyboard
[  2598.565] (II) event0  - Sleep Button: device is a keyboard
[  2598.565] (II) event0  - Sleep Button: device removed
[  2598.565] (**) Option "config_info" "udev:/sys/devices/LNXSYSTM:00/LNXSYBUS:00/PNP0C0E:00/input/input0/event0"
[  2598.565] (II) XINPUT: Adding extended input device "Sleep Button" (type: KEYBOARD, id 8)
[  2598.565] (**) Option "xkb_layout" "es"
[  2598.566] (II) event0  - Sleep Button: is tagged by udev as: Keyboard
[  2598.566] (II) event0  - Sleep Button: device is a keyboard
[  2598.566] (II) config/udev: Adding input device HDA NVidia HDMI/DP,pcm=3 (/dev/input/event11)
[  2598.566] (II) No input driver specified, ignoring this device.
[  2598.566] (II) This device may have been added with another device file.
[  2598.567] (II) config/udev: Adding input device HDA NVidia HDMI/DP,pcm=7 (/dev/input/event12)
[  2598.567] (II) No input driver specified, ignoring this device.
[  2598.567] (II) This device may have been added with another device file.
[  2598.567] (II) config/udev: Adding input device HDA NVidia HDMI/DP,pcm=8 (/dev/input/event13)
[  2598.567] (II) No input driver specified, ignoring this device.
[  2598.567] (II) This device may have been added with another device file.
[  2598.567] (II) config/udev: Adding input device HDA NVidia HDMI/DP,pcm=9 (/dev/input/event14)
[  2598.567] (II) No input driver specified, ignoring this device.
[  2598.567] (II) This device may have been added with another device file.
[  2598.567] (II) config/udev: Adding input device HDA NVidia HDMI/DP,pcm=10 (/dev/input/event15)
[  2598.567] (II) No input driver specified, ignoring this device.
[  2598.567] (II) This device may have been added with another device file.
[  2598.568] (II) config/udev: Adding input device HDA NVidia HDMI/DP,pcm=11 (/dev/input/event16)
[  2598.568] (II) No input driver specified, ignoring this device.
[  2598.568] (II) This device may have been added with another device file.
[  2598.568] (II) config/udev: Adding input device HDA NVidia HDMI/DP,pcm=12 (/dev/input/event17)
[  2598.568] (II) No input driver specified, ignoring this device.
[  2598.568] (II) This device may have been added with another device file.
[  2598.568] (II) config/udev: Adding input device SEMICO USB Keyboard (/dev/input/event6)
[  2598.568] (**) SEMICO USB Keyboard: Applying InputClass "libinput keyboard catchall"
[  2598.568] (**) SEMICO USB Keyboard: Applying InputClass "system-keyboard"
[  2598.568] (II) Using input driver 'libinput' for 'SEMICO USB Keyboard'
[  2598.569] (II) systemd-logind: got fd for /dev/input/event6 13:70 fd 36 paused 0
[  2598.569] (**) SEMICO USB Keyboard: always reports core events
[  2598.569] (**) Option "Device" "/dev/input/event6"
[  2598.569] (**) Option "_source" "server/udev"
[  2598.570] (II) event6  - SEMICO USB Keyboard: is tagged by udev as: Keyboard
[  2598.570] (II) event6  - SEMICO USB Keyboard: device is a keyboard
[  2598.570] (II) event6  - SEMICO USB Keyboard: device removed
[  2598.570] (**) Option "config_info" "udev:/sys/devices/pci0000:00/0000:00:14.0/usb1/1-10/1-10:1.0/0003:1A2C:4C5E.0002/input/input6/event6"
[  2598.570] (II) XINPUT: Adding extended input device "SEMICO USB Keyboard" (type: KEYBOARD, id 9)
[  2598.570] (**) Option "xkb_layout" "es"
[  2598.571] (II) event6  - SEMICO USB Keyboard: is tagged by udev as: Keyboard
[  2598.571] (II) event6  - SEMICO USB Keyboard: device is a keyboard
[  2598.571] (II) config/udev: Adding input device SEMICO USB Keyboard (/dev/input/event9)
[  2598.571] (**) SEMICO USB Keyboard: Applying InputClass "libinput keyboard catchall"
[  2598.571] (**) SEMICO USB Keyboard: Applying InputClass "system-keyboard"
[  2598.571] (II) Using input driver 'libinput' for 'SEMICO USB Keyboard'
[  2598.572] (II) systemd-logind: got fd for /dev/input/event9 13:73 fd 37 paused 0
[  2598.572] (**) SEMICO USB Keyboard: always reports core events
[  2598.572] (**) Option "Device" "/dev/input/event9"
[  2598.572] (**) Option "_source" "server/udev"
[  2598.573] (II) event9  - SEMICO USB Keyboard: is tagged by udev as: Keyboard
[  2598.573] (II) event9  - SEMICO USB Keyboard: device is a keyboard
[  2598.573] (II) event9  - SEMICO USB Keyboard: device removed
[  2598.573] (**) Option "config_info" "udev:/sys/devices/pci0000:00/0000:00:14.0/usb1/1-10/1-10:1.1/0003:1A2C:4C5E.0003/input/input10/event9"
[  2598.573] (II) XINPUT: Adding extended input device "SEMICO USB Keyboard" (type: KEYBOARD, id 10)
[  2598.573] (**) Option "xkb_layout" "es"
[  2598.574] (II) event9  - SEMICO USB Keyboard: is tagged by udev as: Keyboard
[  2598.574] (II) event9  - SEMICO USB Keyboard: device is a keyboard
[  2598.574] (II) config/udev: Adding input device SEMICO USB Keyboard Consumer Control (/dev/input/event7)
[  2598.574] (**) SEMICO USB Keyboard Consumer Control: Applying InputClass "libinput keyboard catchall"
[  2598.574] (**) SEMICO USB Keyboard Consumer Control: Applying InputClass "system-keyboard"
[  2598.574] (II) Using input driver 'libinput' for 'SEMICO USB Keyboard Consumer Control'
[  2598.575] (II) systemd-logind: got fd for /dev/input/event7 13:71 fd 38 paused 0
[  2598.575] (**) SEMICO USB Keyboard Consumer Control: always reports core events
[  2598.575] (**) Option "Device" "/dev/input/event7"
[  2598.575] (**) Option "_source" "server/udev"
[  2598.576] (II) event7  - SEMICO USB Keyboard Consumer Control: is tagged by udev as: Keyboard
[  2598.576] (II) event7  - SEMICO USB Keyboard Consumer Control: device is a keyboard
[  2598.576] (II) event7  - SEMICO USB Keyboard Consumer Control: device removed
[  2598.576] (II) libinput: SEMICO USB Keyboard Consumer Control: needs a virtual subdevice
[  2598.576] (**) Option "config_info" "udev:/sys/devices/pci0000:00/0000:00:14.0/usb1/1-10/1-10:1.1/0003:1A2C:4C5E.0003/input/input7/event7"
[  2598.576] (II) XINPUT: Adding extended input device "SEMICO USB Keyboard Consumer Control" (type: MOUSE, id 11)
[  2598.576] (**) Option "AccelerationScheme" "none"
[  2598.576] (**) SEMICO USB Keyboard Consumer Control: (accel) selected scheme none/0
[  2598.576] (**) SEMICO USB Keyboard Consumer Control: (accel) acceleration factor: 2.000
[  2598.576] (**) SEMICO USB Keyboard Consumer Control: (accel) acceleration threshold: 4
[  2598.577] (II) event7  - SEMICO USB Keyboard Consumer Control: is tagged by udev as: Keyboard
[  2598.577] (II) event7  - SEMICO USB Keyboard Consumer Control: device is a keyboard
[  2598.577] (II) config/udev: Adding input device SEMICO USB Keyboard System Control (/dev/input/event8)
[  2598.577] (**) SEMICO USB Keyboard System Control: Applying InputClass "libinput keyboard catchall"
[  2598.577] (**) SEMICO USB Keyboard System Control: Applying InputClass "system-keyboard"
[  2598.577] (II) Using input driver 'libinput' for 'SEMICO USB Keyboard System Control'
[  2598.578] (II) systemd-logind: got fd for /dev/input/event8 13:72 fd 39 paused 0
[  2598.578] (**) SEMICO USB Keyboard System Control: always reports core events
[  2598.578] (**) Option "Device" "/dev/input/event8"
[  2598.578] (**) Option "_source" "server/udev"
[  2598.579] (II) event8  - SEMICO USB Keyboard System Control: is tagged by udev as: Keyboard
[  2598.579] (II) event8  - SEMICO USB Keyboard System Control: device is a keyboard
[  2598.579] (II) event8  - SEMICO USB Keyboard System Control: device removed
[  2598.579] (**) Option "config_info" "udev:/sys/devices/pci0000:00/0000:00:14.0/usb1/1-10/1-10:1.1/0003:1A2C:4C5E.0003/input/input8/event8"
[  2598.579] (II) XINPUT: Adding extended input device "SEMICO USB Keyboard System Control" (type: KEYBOARD, id 12)
[  2598.579] (**) Option "xkb_layout" "es"
[  2598.580] (II) event8  - SEMICO USB Keyboard System Control: is tagged by udev as: Keyboard
[  2598.580] (II) event8  - SEMICO USB Keyboard System Control: device is a keyboard
[  2598.580] (II) config/udev: Adding input device HID 1bcf:08a0 Mouse (/dev/input/event3)
[  2598.580] (**) HID 1bcf:08a0 Mouse: Applying InputClass "libinput pointer catchall"
[  2598.580] (II) Using input driver 'libinput' for 'HID 1bcf:08a0 Mouse'
[  2598.581] (II) systemd-logind: got fd for /dev/input/event3 13:67 fd 40 paused 0
[  2598.581] (**) HID 1bcf:08a0 Mouse: always reports core events
[  2598.581] (**) Option "Device" "/dev/input/event3"
[  2598.581] (**) Option "_source" "server/udev"
[  2598.582] (II) event3  - HID 1bcf:08a0 Mouse: is tagged by udev as: Mouse
[  2598.582] (II) event3  - HID 1bcf:08a0 Mouse: device is a pointer
[  2598.582] (II) event3  - HID 1bcf:08a0 Mouse: device removed
[  2598.582] (**) Option "config_info" "udev:/sys/devices/pci0000:00/0000:00:14.0/usb1/1-9/1-9:1.0/0003:1BCF:08A0.0001/input/input3/event3"
[  2598.582] (II) XINPUT: Adding extended input device "HID 1bcf:08a0 Mouse" (type: MOUSE, id 13)
[  2598.582] (**) Option "AccelerationScheme" "none"
[  2598.582] (**) HID 1bcf:08a0 Mouse: (accel) selected scheme none/0
[  2598.582] (**) HID 1bcf:08a0 Mouse: (accel) acceleration factor: 2.000
[  2598.582] (**) HID 1bcf:08a0 Mouse: (accel) acceleration threshold: 4
[  2598.583] (II) event3  - HID 1bcf:08a0 Mouse: is tagged by udev as: Mouse
[  2598.583] (II) event3  - HID 1bcf:08a0 Mouse: device is a pointer
[  2598.583] (II) config/udev: Adding input device HID 1bcf:08a0 Mouse (/dev/input/mouse0)
[  2598.583] (II) No input driver specified, ignoring this device.
[  2598.583] (II) This device may have been added with another device file.
[  2598.584] (II) config/udev: Adding input device HID 1bcf:08a0 Keyboard (/dev/input/event4)
[  2598.584] (**) HID 1bcf:08a0 Keyboard: Applying InputClass "libinput keyboard catchall"
[  2598.584] (**) HID 1bcf:08a0 Keyboard: Applying InputClass "system-keyboard"
[  2598.584] (II) Using input driver 'libinput' for 'HID 1bcf:08a0 Keyboard'
[  2598.584] (II) systemd-logind: got fd for /dev/input/event4 13:68 fd 41 paused 0
[  2598.584] (**) HID 1bcf:08a0 Keyboard: always reports core events
[  2598.584] (**) Option "Device" "/dev/input/event4"
[  2598.584] (**) Option "_source" "server/udev"
[  2598.585] (II) event4  - HID 1bcf:08a0 Keyboard: is tagged by udev as: Keyboard
[  2598.585] (II) event4  - HID 1bcf:08a0 Keyboard: device is a keyboard
[  2598.585] (II) event4  - HID 1bcf:08a0 Keyboard: device removed
[  2598.585] (**) Option "config_info" "udev:/sys/devices/pci0000:00/0000:00:14.0/usb1/1-9/1-9:1.0/0003:1BCF:08A0.0001/input/input4/event4"
[  2598.585] (II) XINPUT: Adding extended input device "HID 1bcf:08a0 Keyboard" (type: KEYBOARD, id 14)
[  2598.585] (**) Option "xkb_layout" "es"
[  2598.586] (II) event4  - HID 1bcf:08a0 Keyboard: is tagged by udev as: Keyboard
[  2598.586] (II) event4  - HID 1bcf:08a0 Keyboard: device is a keyboard
[  2598.587] (II) config/udev: Adding input device HID 1bcf:08a0 Consumer Control (/dev/input/event5)
[  2598.587] (**) HID 1bcf:08a0 Consumer Control: Applying InputClass "libinput keyboard catchall"
[  2598.587] (**) HID 1bcf:08a0 Consumer Control: Applying InputClass "system-keyboard"
[  2598.587] (II) Using input driver 'libinput' for 'HID 1bcf:08a0 Consumer Control'
[  2598.587] (II) systemd-logind: got fd for /dev/input/event5 13:69 fd 42 paused 0
[  2598.587] (**) HID 1bcf:08a0 Consumer Control: always reports core events
[  2598.587] (**) Option "Device" "/dev/input/event5"
[  2598.587] (**) Option "_source" "server/udev"
[  2598.588] (II) event5  - HID 1bcf:08a0 Consumer Control: is tagged by udev as: Keyboard
[  2598.588] (II) event5  - HID 1bcf:08a0 Consumer Control: device is a keyboard
[  2598.588] (II) event5  - HID 1bcf:08a0 Consumer Control: device removed
[  2598.588] (II) libinput: HID 1bcf:08a0 Consumer Control: needs a virtual subdevice
[  2598.588] (**) Option "config_info" "udev:/sys/devices/pci0000:00/0000:00:14.0/usb1/1-9/1-9:1.0/0003:1BCF:08A0.0001/input/input5/event5"
[  2598.588] (II) XINPUT: Adding extended input device "HID 1bcf:08a0 Consumer Control" (type: MOUSE, id 15)
[  2598.588] (**) Option "AccelerationScheme" "none"
[  2598.588] (**) HID 1bcf:08a0 Consumer Control: (accel) selected scheme none/0
[  2598.588] (**) HID 1bcf:08a0 Consumer Control: (accel) acceleration factor: 2.000
[  2598.588] (**) HID 1bcf:08a0 Consumer Control: (accel) acceleration threshold: 4
[  2598.589] (II) event5  - HID 1bcf:08a0 Consumer Control: is tagged by udev as: Keyboard
[  2598.589] (II) event5  - HID 1bcf:08a0 Consumer Control: device is a keyboard
[  2598.590] (II) config/udev: Adding input device HDA Intel PCH Front Mic (/dev/input/event18)
[  2598.590] (II) No input driver specified, ignoring this device.
[  2598.590] (II) This device may have been added with another device file.
[  2598.590] (II) config/udev: Adding input device HDA Intel PCH Rear Mic (/dev/input/event19)
[  2598.590] (II) No input driver specified, ignoring this device.
[  2598.590] (II) This device may have been added with another device file.
[  2598.590] (II) config/udev: Adding input device HDA Intel PCH Line (/dev/input/event20)
[  2598.590] (II) No input driver specified, ignoring this device.
[  2598.590] (II) This device may have been added with another device file.
[  2598.590] (II) config/udev: Adding input device HDA Intel PCH Line Out Front (/dev/input/event21)
[  2598.590] (II) No input driver specified, ignoring this device.
[  2598.590] (II) This device may have been added with another device file.
[  2598.591] (II) config/udev: Adding input device HDA Intel PCH Line Out Surround (/dev/input/event22)
[  2598.591] (II) No input driver specified, ignoring this device.
[  2598.591] (II) This device may have been added with another device file.
[  2598.591] (II) config/udev: Adding input device HDA Intel PCH Line Out CLFE (/dev/input/event23)
[  2598.591] (II) No input driver specified, ignoring this device.
[  2598.591] (II) This device may have been added with another device file.
[  2598.591] (II) config/udev: Adding input device HDA Intel PCH Line Out Side (/dev/input/event24)
[  2598.591] (II) No input driver specified, ignoring this device.
[  2598.591] (II) This device may have been added with another device file.
[  2598.591] (II) config/udev: Adding input device HDA Intel PCH Front Headphone (/dev/input/event25)
[  2598.591] (II) No input driver specified, ignoring this device.
[  2598.591] (II) This device may have been added with another device file.
[  2598.591] (II) config/udev: Adding input device PC Speaker (/dev/input/event10)
[  2598.591] (II) No input driver specified, ignoring this device.
[  2598.591] (II) This device may have been added with another device file.
[  2598.595] (**) SEMICO USB Keyboard Consumer Control: Applying InputClass "libinput keyboard catchall"
[  2598.595] (**) SEMICO USB Keyboard Consumer Control: Applying InputClass "system-keyboard"
[  2598.595] (II) Using input driver 'libinput' for 'SEMICO USB Keyboard Consumer Control'
[  2598.595] (II) systemd-logind: returning pre-existing fd for /dev/input/event7 13:71
[  2598.595] (**) SEMICO USB Keyboard Consumer Control: always reports core events
[  2598.595] (**) Option "Device" "/dev/input/event7"
[  2598.595] (**) Option "_source" "_driver/libinput"
[  2598.595] (II) libinput: SEMICO USB Keyboard Consumer Control: is a virtual subdevice
[  2598.595] (**) Option "config_info" "udev:/sys/devices/pci0000:00/0000:00:14.0/usb1/1-10/1-10:1.1/0003:1A2C:4C5E.0003/input/input7/event7"
[  2598.595] (II) XINPUT: Adding extended input device "SEMICO USB Keyboard Consumer Control" (type: KEYBOARD, id 16)
[  2598.595] (**) Option "xkb_layout" "es"
[  2598.595] (**) HID 1bcf:08a0 Consumer Control: Applying InputClass "libinput keyboard catchall"
[  2598.595] (**) HID 1bcf:08a0 Consumer Control: Applying InputClass "system-keyboard"
[  2598.595] (II) Using input driver 'libinput' for 'HID 1bcf:08a0 Consumer Control'
[  2598.595] (II) systemd-logind: returning pre-existing fd for /dev/input/event5 13:69
[  2598.595] (**) HID 1bcf:08a0 Consumer Control: always reports core events
[  2598.595] (**) Option "Device" "/dev/input/event5"
[  2598.595] (**) Option "_source" "_driver/libinput"
[  2598.595] (II) libinput: HID 1bcf:08a0 Consumer Control: is a virtual subdevice
[  2598.596] (**) Option "config_info" "udev:/sys/devices/pci0000:00/0000:00:14.0/usb1/1-9/1-9:1.0/0003:1BCF:08A0.0001/input/input5/event5"
[  2598.596] (II) XINPUT: Adding extended input device "HID 1bcf:08a0 Consumer Control" (type: KEYBOARD, id 17)
[  2598.596] (**) Option "xkb_layout" "es"
[  2598.812] (--) NVIDIA(GPU-0): DFP-0: disconnected
[  2598.812] (--) NVIDIA(GPU-0): DFP-0: Internal TMDS
[  2598.812] (--) NVIDIA(GPU-0): DFP-0: 330.0 MHz maximum pixel clock
[  2598.812] (--) NVIDIA(GPU-0): 
[  2598.855] (--) NVIDIA(GPU-0): LG Electronics MP59G (DFP-1): connected
[  2598.855] (--) NVIDIA(GPU-0): LG Electronics MP59G (DFP-1): Internal TMDS
[  2598.855] (--) NVIDIA(GPU-0): LG Electronics MP59G (DFP-1): 600.0 MHz maximum pixel clock
[  2598.855] (--) NVIDIA(GPU-0): 
[  2598.855] (--) NVIDIA(GPU-0): DFP-2: disconnected
[  2598.855] (--) NVIDIA(GPU-0): DFP-2: Internal DisplayPort
[  2598.855] (--) NVIDIA(GPU-0): DFP-2: 1440.0 MHz maximum pixel clock
[  2598.855] (--) NVIDIA(GPU-0): 
[  2598.855] (--) NVIDIA(GPU-0): DFP-3: disconnected
[  2598.855] (--) NVIDIA(GPU-0): DFP-3: Internal TMDS
[  2598.855] (--) NVIDIA(GPU-0): DFP-3: 165.0 MHz maximum pixel clock
[  2598.855] (--) NVIDIA(GPU-0): 
[  2598.855] (--) NVIDIA(GPU-0): DFP-4: disconnected
[  2598.855] (--) NVIDIA(GPU-0): DFP-4: Internal TMDS
[  2598.855] (--) NVIDIA(GPU-0): DFP-4: 330.0 MHz maximum pixel clock
[  2598.855] (--) NVIDIA(GPU-0): 
[  2599.349] (--) NVIDIA(GPU-0): DFP-0: disconnected
[  2599.349] (--) NVIDIA(GPU-0): DFP-0: Internal TMDS
[  2599.349] (--) NVIDIA(GPU-0): DFP-0: 330.0 MHz maximum pixel clock
[  2599.349] (--) NVIDIA(GPU-0): 
[  2599.392] (--) NVIDIA(GPU-0): LG Electronics MP59G (DFP-1): connected
[  2599.393] (--) NVIDIA(GPU-0): LG Electronics MP59G (DFP-1): Internal TMDS
[  2599.393] (--) NVIDIA(GPU-0): LG Electronics MP59G (DFP-1): 600.0 MHz maximum pixel clock
[  2599.393] (--) NVIDIA(GPU-0): 
[  2599.393] (--) NVIDIA(GPU-0): DFP-2: disconnected
[  2599.393] (--) NVIDIA(GPU-0): DFP-2: Internal DisplayPort
[  2599.393] (--) NVIDIA(GPU-0): DFP-2: 1440.0 MHz maximum pixel clock
[  2599.393] (--) NVIDIA(GPU-0): 
[  2599.393] (--) NVIDIA(GPU-0): DFP-3: disconnected
[  2599.393] (--) NVIDIA(GPU-0): DFP-3: Internal TMDS
[  2599.393] (--) NVIDIA(GPU-0): DFP-3: 165.0 MHz maximum pixel clock
[  2599.393] (--) NVIDIA(GPU-0): 
[  2599.393] (--) NVIDIA(GPU-0): DFP-4: disconnected
[  2599.393] (--) NVIDIA(GPU-0): DFP-4: Internal TMDS
[  2599.393] (--) NVIDIA(GPU-0): DFP-4: 330.0 MHz maximum pixel clock
[  2599.393] (--) NVIDIA(GPU-0): 
[  2599.910] (--) NVIDIA(GPU-0): DFP-0: disconnected
[  2599.910] (--) NVIDIA(GPU-0): DFP-0: Internal TMDS
[  2599.910] (--) NVIDIA(GPU-0): DFP-0: 330.0 MHz maximum pixel clock
[  2599.910] (--) NVIDIA(GPU-0): 
[  2599.953] (--) NVIDIA(GPU-0): LG Electronics MP59G (DFP-1): connected
[  2599.953] (--) NVIDIA(GPU-0): LG Electronics MP59G (DFP-1): Internal TMDS
[  2599.953] (--) NVIDIA(GPU-0): LG Electronics MP59G (DFP-1): 600.0 MHz maximum pixel clock
[  2599.953] (--) NVIDIA(GPU-0): 
[  2599.953] (--) NVIDIA(GPU-0): DFP-2: disconnected
[  2599.953] (--) NVIDIA(GPU-0): DFP-2: Internal DisplayPort
[  2599.953] (--) NVIDIA(GPU-0): DFP-2: 1440.0 MHz maximum pixel clock
[  2599.953] (--) NVIDIA(GPU-0): 
[  2599.953] (--) NVIDIA(GPU-0): DFP-3: disconnected
[  2599.953] (--) NVIDIA(GPU-0): DFP-3: Internal TMDS
[  2599.953] (--) NVIDIA(GPU-0): DFP-3: 165.0 MHz maximum pixel clock
[  2599.953] (--) NVIDIA(GPU-0): 
[  2599.953] (--) NVIDIA(GPU-0): DFP-4: disconnected
[  2599.953] (--) NVIDIA(GPU-0): DFP-4: Internal TMDS
[  2599.953] (--) NVIDIA(GPU-0): DFP-4: 330.0 MHz maximum pixel clock
[  2599.953] (--) NVIDIA(GPU-0): 
[  2605.106] (--) NVIDIA(GPU-0): DFP-0: disconnected
[  2605.106] (--) NVIDIA(GPU-0): DFP-0: Internal TMDS
[  2605.106] (--) NVIDIA(GPU-0): DFP-0: 330.0 MHz maximum pixel clock
[  2605.106] (--) NVIDIA(GPU-0): 
[  2605.149] (--) NVIDIA(GPU-0): LG Electronics MP59G (DFP-1): connected
[  2605.149] (--) NVIDIA(GPU-0): LG Electronics MP59G (DFP-1): Internal TMDS
[  2605.149] (--) NVIDIA(GPU-0): LG Electronics MP59G (DFP-1): 600.0 MHz maximum pixel clock
[  2605.149] (--) NVIDIA(GPU-0): 
[  2605.149] (--) NVIDIA(GPU-0): DFP-2: disconnected
[  2605.149] (--) NVIDIA(GPU-0): DFP-2: Internal DisplayPort
[  2605.149] (--) NVIDIA(GPU-0): DFP-2: 1440.0 MHz maximum pixel clock
[  2605.149] (--) NVIDIA(GPU-0): 
[  2605.149] (--) NVIDIA(GPU-0): DFP-3: disconnected
[  2605.149] (--) NVIDIA(GPU-0): DFP-3: Internal TMDS
[  2605.149] (--) NVIDIA(GPU-0): DFP-3: 165.0 MHz maximum pixel clock
[  2605.149] (--) NVIDIA(GPU-0): 
[  2605.149] (--) NVIDIA(GPU-0): DFP-4: disconnected
[  2605.149] (--) NVIDIA(GPU-0): DFP-4: Internal TMDS
[  2605.149] (--) NVIDIA(GPU-0): DFP-4: 330.0 MHz maximum pixel clock
[  2605.149] (--) NVIDIA(GPU-0): 
[  2637.120] (--) NVIDIA(GPU-0): DFP-0: disconnected
[  2637.120] (--) NVIDIA(GPU-0): DFP-0: Internal TMDS
[  2637.120] (--) NVIDIA(GPU-0): DFP-0: 330.0 MHz maximum pixel clock
[  2637.120] (--) NVIDIA(GPU-0): 
[  2637.164] (--) NVIDIA(GPU-0): LG Electronics MP59G (DFP-1): connected
[  2637.164] (--) NVIDIA(GPU-0): LG Electronics MP59G (DFP-1): Internal TMDS
[  2637.164] (--) NVIDIA(GPU-0): LG Electronics MP59G (DFP-1): 600.0 MHz maximum pixel clock
[  2637.164] (--) NVIDIA(GPU-0): 
[  2637.164] (--) NVIDIA(GPU-0): DFP-2: disconnected
[  2637.164] (--) NVIDIA(GPU-0): DFP-2: Internal DisplayPort
[  2637.164] (--) NVIDIA(GPU-0): DFP-2: 1440.0 MHz maximum pixel clock
[  2637.164] (--) NVIDIA(GPU-0): 
[  2637.165] (--) NVIDIA(GPU-0): DFP-3: disconnected
[  2637.165] (--) NVIDIA(GPU-0): DFP-3: Internal TMDS
[  2637.165] (--) NVIDIA(GPU-0): DFP-3: 165.0 MHz maximum pixel clock
[  2637.165] (--) NVIDIA(GPU-0): 
[  2637.165] (--) NVIDIA(GPU-0): DFP-4: disconnected
[  2637.165] (--) NVIDIA(GPU-0): DFP-4: Internal TMDS
[  2637.165] (--) NVIDIA(GPU-0): DFP-4: 330.0 MHz maximum pixel clock
[  2637.165] (--) NVIDIA(GPU-0): 
[  2641.896] (--) NVIDIA(GPU-0): DFP-0: disconnected
[  2641.896] (--) NVIDIA(GPU-0): DFP-0: Internal TMDS
[  2641.896] (--) NVIDIA(GPU-0): DFP-0: 330.0 MHz maximum pixel clock
[  2641.896] (--) NVIDIA(GPU-0): 
[  2641.940] (--) NVIDIA(GPU-0): LG Electronics MP59G (DFP-1): connected
[  2641.940] (--) NVIDIA(GPU-0): LG Electronics MP59G (DFP-1): Internal TMDS
[  2641.940] (--) NVIDIA(GPU-0): LG Electronics MP59G (DFP-1): 600.0 MHz maximum pixel clock
[  2641.940] (--) NVIDIA(GPU-0): 
[  2641.940] (--) NVIDIA(GPU-0): DFP-2: disconnected
[  2641.940] (--) NVIDIA(GPU-0): DFP-2: Internal DisplayPort
[  2641.940] (--) NVIDIA(GPU-0): DFP-2: 1440.0 MHz maximum pixel clock
[  2641.940] (--) NVIDIA(GPU-0): 
[  2641.940] (--) NVIDIA(GPU-0): DFP-3: disconnected
[  2641.940] (--) NVIDIA(GPU-0): DFP-3: Internal TMDS
[  2641.940] (--) NVIDIA(GPU-0): DFP-3: 165.0 MHz maximum pixel clock
[  2641.940] (--) NVIDIA(GPU-0): 
[  2641.940] (--) NVIDIA(GPU-0): DFP-4: disconnected
[  2641.940] (--) NVIDIA(GPU-0): DFP-4: Internal TMDS
[  2641.940] (--) NVIDIA(GPU-0): DFP-4: 330.0 MHz maximum pixel clock
[  2641.940] (--) NVIDIA(GPU-0): 
[  2648.451] (II) NVIDIA(0): Setting mode "HDMI-0: 1920x1080_50 @1920x1080 +0+0 {ViewPortIn=1920x1080, ViewPortOut=1920x1080+0+0}"
[  2648.557] (--) NVIDIA(GPU-0): DFP-0: disconnected
[  2648.557] (--) NVIDIA(GPU-0): DFP-0: Internal TMDS
[  2648.557] (--) NVIDIA(GPU-0): DFP-0: 330.0 MHz maximum pixel clock
[  2648.557] (--) NVIDIA(GPU-0): 
[  2648.601] (--) NVIDIA(GPU-0): LG Electronics MP59G (DFP-1): connected
[  2648.601] (--) NVIDIA(GPU-0): LG Electronics MP59G (DFP-1): Internal TMDS
[  2648.601] (--) NVIDIA(GPU-0): LG Electronics MP59G (DFP-1): 600.0 MHz maximum pixel clock
[  2648.601] (--) NVIDIA(GPU-0): 
[  2648.601] (--) NVIDIA(GPU-0): DFP-2: disconnected
[  2648.601] (--) NVIDIA(GPU-0): DFP-2: Internal DisplayPort
[  2648.601] (--) NVIDIA(GPU-0): DFP-2: 1440.0 MHz maximum pixel clock
[  2648.601] (--) NVIDIA(GPU-0): 
[  2648.601] (--) NVIDIA(GPU-0): DFP-3: disconnected
[  2648.601] (--) NVIDIA(GPU-0): DFP-3: Internal TMDS
[  2648.601] (--) NVIDIA(GPU-0): DFP-3: 165.0 MHz maximum pixel clock
[  2648.601] (--) NVIDIA(GPU-0): 
[  2648.601] (--) NVIDIA(GPU-0): DFP-4: disconnected
[  2648.601] (--) NVIDIA(GPU-0): DFP-4: Internal TMDS
[  2648.601] (--) NVIDIA(GPU-0): DFP-4: 330.0 MHz maximum pixel clock
[  2648.601] (--) NVIDIA(GPU-0): 
[  2648.601] (EE) event3  - HID 1bcf:08a0 Mouse: client bug: event processing lagging behind by 39ms, your system is too slow
[  2648.693] (--) NVIDIA(GPU-0): DFP-0: disconnected
[  2648.693] (--) NVIDIA(GPU-0): DFP-0: Internal TMDS
[  2648.693] (--) NVIDIA(GPU-0): DFP-0: 330.0 MHz maximum pixel clock
[  2648.693] (--) NVIDIA(GPU-0): 
[  2648.737] (--) NVIDIA(GPU-0): LG Electronics MP59G (DFP-1): connected
[  2648.737] (--) NVIDIA(GPU-0): LG Electronics MP59G (DFP-1): Internal TMDS
[  2648.737] (--) NVIDIA(GPU-0): LG Electronics MP59G (DFP-1): 600.0 MHz maximum pixel clock
[  2648.737] (--) NVIDIA(GPU-0): 
[  2648.737] (--) NVIDIA(GPU-0): DFP-2: disconnected
[  2648.737] (--) NVIDIA(GPU-0): DFP-2: Internal DisplayPort
[  2648.737] (--) NVIDIA(GPU-0): DFP-2: 1440.0 MHz maximum pixel clock
[  2648.737] (--) NVIDIA(GPU-0): 
[  2648.737] (--) NVIDIA(GPU-0): DFP-3: disconnected
[  2648.737] (--) NVIDIA(GPU-0): DFP-3: Internal TMDS
[  2648.737] (--) NVIDIA(GPU-0): DFP-3: 165.0 MHz maximum pixel clock
[  2648.737] (--) NVIDIA(GPU-0): 
[  2648.737] (--) NVIDIA(GPU-0): DFP-4: disconnected
[  2648.737] (--) NVIDIA(GPU-0): DFP-4: Internal TMDS
[  2648.737] (--) NVIDIA(GPU-0): DFP-4: 330.0 MHz maximum pixel clock
[  2648.737] (--) NVIDIA(GPU-0): 
[  2648.737] (--) NVIDIA(GPU-0): DFP-0: disconnected
[  2648.737] (--) NVIDIA(GPU-0): DFP-0: Internal TMDS
[  2648.737] (--) NVIDIA(GPU-0): DFP-0: 330.0 MHz maximum pixel clock
[  2648.737] (--) NVIDIA(GPU-0): 
[  2648.781] (--) NVIDIA(GPU-0): LG Electronics MP59G (DFP-1): connected
[  2648.781] (--) NVIDIA(GPU-0): LG Electronics MP59G (DFP-1): Internal TMDS
[  2648.781] (--) NVIDIA(GPU-0): LG Electronics MP59G (DFP-1): 600.0 MHz maximum pixel clock
[  2648.781] (--) NVIDIA(GPU-0): 
[  2648.781] (--) NVIDIA(GPU-0): DFP-2: disconnected
[  2648.781] (--) NVIDIA(GPU-0): DFP-2: Internal DisplayPort
[  2648.781] (--) NVIDIA(GPU-0): DFP-2: 1440.0 MHz maximum pixel clock
[  2648.781] (--) NVIDIA(GPU-0): 
[  2648.781] (--) NVIDIA(GPU-0): DFP-3: disconnected
[  2648.781] (--) NVIDIA(GPU-0): DFP-3: Internal TMDS
[  2648.781] (--) NVIDIA(GPU-0): DFP-3: 165.0 MHz maximum pixel clock
[  2648.781] (--) NVIDIA(GPU-0): 
[  2648.781] (--) NVIDIA(GPU-0): DFP-4: disconnected
[  2648.781] (--) NVIDIA(GPU-0): DFP-4: Internal TMDS
[  2648.781] (--) NVIDIA(GPU-0): DFP-4: 330.0 MHz maximum pixel clock
[  2648.781] (--) NVIDIA(GPU-0): 
[  2690.488] (EE) event6  - SEMICO USB Keyboard: client bug: event processing lagging behind by 26ms, your system is too slow
[  2926.552] (EE) event6  - SEMICO USB Keyboard: client bug: event processing lagging behind by 33ms, your system is too slow
[  2958.360] (**) Option "fd" "31"
[  2958.360] (II) event2  - Power Button: device removed
[  2958.360] (**) Option "fd" "34"
[  2958.360] (II) event1  - Power Button: device removed
[  2958.360] (**) Option "fd" "35"
[  2958.360] (II) event0  - Sleep Button: device removed
[  2958.361] (**) Option "fd" "36"
[  2958.361] (II) event6  - SEMICO USB Keyboard: device removed
[  2958.361] (**) Option "fd" "37"
[  2958.361] (II) event9  - SEMICO USB Keyboard: device removed
[  2958.361] (**) Option "fd" "38"
[  2958.361] (**) Option "fd" "39"
[  2958.361] (II) event8  - SEMICO USB Keyboard System Control: device removed
[  2958.361] (**) Option "fd" "40"
[  2958.361] (II) event3  - HID 1bcf:08a0 Mouse: device removed
[  2958.362] (**) Option "fd" "41"
[  2958.362] (II) event4  - HID 1bcf:08a0 Keyboard: device removed
[  2958.362] (**) Option "fd" "42"
[  2958.362] (**) Option "fd" "38"
[  2958.362] (II) event7  - SEMICO USB Keyboard Consumer Control: device removed
[  2958.362] (**) Option "fd" "42"
[  2958.362] (II) event5  - HID 1bcf:08a0 Consumer Control: device removed
[  2958.506] (II) systemd-logind: got pause for 13:67
[  2958.506] (II) systemd-logind: got pause for 13:65
[  2958.506] (II) systemd-logind: got pause for 13:72
[  2958.506] (II) systemd-logind: got pause for 13:68
[  2958.506] (II) systemd-logind: got pause for 13:64
[  2958.506] (II) systemd-logind: got pause for 13:66
[  2958.506] (II) systemd-logind: got pause for 13:71
[  2958.506] (II) systemd-logind: got pause for 13:70
[  2958.506] (II) systemd-logind: got pause for 13:73
[  2958.506] (II) systemd-logind: got pause for 13:69
[  3055.827] (II) systemd-logind: got resume for 13:67
[  3055.827] (--) NVIDIA(GPU-0): DFP-0: disconnected
[  3055.827] (--) NVIDIA(GPU-0): DFP-0: Internal TMDS
[  3055.827] (--) NVIDIA(GPU-0): DFP-0: 330.0 MHz maximum pixel clock
[  3055.827] (--) NVIDIA(GPU-0): 
[  3055.871] (--) NVIDIA(GPU-0): LG Electronics MP59G (DFP-1): connected
[  3055.871] (--) NVIDIA(GPU-0): LG Electronics MP59G (DFP-1): Internal TMDS
[  3055.871] (--) NVIDIA(GPU-0): LG Electronics MP59G (DFP-1): 600.0 MHz maximum pixel clock
[  3055.871] (--) NVIDIA(GPU-0): 
[  3055.871] (--) NVIDIA(GPU-0): DFP-2: disconnected
[  3055.871] (--) NVIDIA(GPU-0): DFP-2: Internal DisplayPort
[  3055.871] (--) NVIDIA(GPU-0): DFP-2: 1440.0 MHz maximum pixel clock
[  3055.871] (--) NVIDIA(GPU-0): 
[  3055.872] (--) NVIDIA(GPU-0): DFP-3: disconnected
[  3055.872] (--) NVIDIA(GPU-0): DFP-3: Internal TMDS
[  3055.872] (--) NVIDIA(GPU-0): DFP-3: 165.0 MHz maximum pixel clock
[  3055.872] (--) NVIDIA(GPU-0): 
[  3055.872] (--) NVIDIA(GPU-0): DFP-4: disconnected
[  3055.872] (--) NVIDIA(GPU-0): DFP-4: Internal TMDS
[  3055.872] (--) NVIDIA(GPU-0): DFP-4: 330.0 MHz maximum pixel clock
[  3055.872] (--) NVIDIA(GPU-0): 
[  3055.887] (II) NVIDIA(0): Setting mode "HDMI-0: 1920x1080_50 @1920x1080 +0+0 {ViewPortIn=1920x1080, ViewPortOut=1920x1080+0+0}"
[  3055.937] (II) NVIDIA(0): ACPI: failed to connect to the ACPI event daemon; the daemon
[  3055.937] (II) NVIDIA(0):     may not be running or the "AcpidSocketPath" X
[  3055.937] (II) NVIDIA(0):     configuration option may not be set correctly.  When the
[  3055.937] (II) NVIDIA(0):     ACPI event daemon is available, the NVIDIA X driver will
[  3055.937] (II) NVIDIA(0):     try to use it to receive ACPI event notifications.  For
[  3055.937] (II) NVIDIA(0):     details, please see the "ConnectToAcpid" and
[  3055.937] (II) NVIDIA(0):     "AcpidSocketPath" X configuration options in Appendix B: X
[  3055.937] (II) NVIDIA(0):     Config Options in the README.
[  3055.976] (II) event3  - HID 1bcf:08a0 Mouse: is tagged by udev as: Mouse
[  3055.977] (II) event3  - HID 1bcf:08a0 Mouse: device is a pointer
[  3055.977] (II) systemd-logind: got resume for 13:65
[  3055.977] (II) event1  - Power Button: is tagged by udev as: Keyboard
[  3055.977] (II) event1  - Power Button: device is a keyboard
[  3055.977] (II) systemd-logind: got resume for 13:72
[  3055.978] (II) event8  - SEMICO USB Keyboard System Control: is tagged by udev as: Keyboard
[  3055.978] (II) event8  - SEMICO USB Keyboard System Control: device is a keyboard
[  3055.978] (II) systemd-logind: got resume for 13:68
[  3055.979] (II) event4  - HID 1bcf:08a0 Keyboard: is tagged by udev as: Keyboard
[  3055.979] (II) event4  - HID 1bcf:08a0 Keyboard: device is a keyboard
[  3055.979] (II) systemd-logind: got resume for 13:64
[  3055.980] (II) event0  - Sleep Button: is tagged by udev as: Keyboard
[  3055.980] (II) event0  - Sleep Button: device is a keyboard
[  3055.980] (II) systemd-logind: got resume for 13:66
[  3055.980] (II) event2  - Power Button: is tagged by udev as: Keyboard
[  3055.980] (II) event2  - Power Button: device is a keyboard
[  3055.980] (II) systemd-logind: got resume for 13:71
[  3055.981] (II) event7  - SEMICO USB Keyboard Consumer Control: is tagged by udev as: Keyboard
[  3055.981] (II) event7  - SEMICO USB Keyboard Consumer Control: device is a keyboard
[  3055.981] (II) systemd-logind: got resume for 13:70
[  3055.982] (II) event6  - SEMICO USB Keyboard: is tagged by udev as: Keyboard
[  3055.982] (II) event6  - SEMICO USB Keyboard: device is a keyboard
[  3055.982] (II) systemd-logind: got resume for 13:73
[  3055.983] (II) event9  - SEMICO USB Keyboard: is tagged by udev as: Keyboard
[  3055.983] (II) event9  - SEMICO USB Keyboard: device is a keyboard
[  3055.983] (II) systemd-logind: got resume for 13:69
[  3055.984] (II) event5  - HID 1bcf:08a0 Consumer Control: is tagged by udev as: Keyboard
[  3055.984] (II) event5  - HID 1bcf:08a0 Consumer Control: device is a keyboard
[  3786.773] (EE) event6  - SEMICO USB Keyboard: client bug: event processing lagging behind by 21ms, your system is too slow
